<?xml version="1.0" encoding="UTF-8"?>
<!-- Generated by org.testng.reporters.JUnitReportReporter -->
<testsuite hostname="WKWZTMbcOi1L82I" failures="0" tests="1" name="actitime.LoginToActiTime" time="15.097" errors="0" timestamp="2023-09-06T12:21:28 IST" skipped="0">
  <testcase classname="actitime.LoginToActiTime" name="loginToApp" time="15.097"/>
  <system-out/>
</testsuite> <!-- actitime.LoginToActiTime -->
