<?xml version="1.0" encoding="UTF-8"?>
<!-- Generated by org.testng.reporters.JUnitReportReporter -->
<testsuite hostname="WKWZTMbcOi1L82I" failures="0" tests="3" name="testNG.TestNGPractice" time="0.010" errors="0" timestamp="2023-09-06T12:33:36 IST" skipped="0">
  <testcase classname="testNG.TestNGPractice" name="createCustomer1" time="0.008"/>
  <system-out/>
  <testcase classname="testNG.TestNGPractice" name="modifycustomer" time="0.001"/>
  <system-out/>
  <testcase classname="testNG.TestNGPractice" name="deletedCustomer" time="0.001"/>
  <system-out/>
</testsuite> <!-- testNG.TestNGPractice -->
