<?xml version="1.0" encoding="UTF-8"?>
<!-- Generated by org.testng.reporters.JUnitReportReporter -->
<testsuite hostname="WKWZTMbcOi1L82I" failures="0" tests="3" name="testNG.DataProvider" time="38.594" errors="0" timestamp="2023-09-06T12:57:25 IST" skipped="0">
  <testcase classname="testNG.DataProvider" name="sample" time="14.650"/>
  <system-out/>
  <testcase classname="testNG.DataProvider" name="sample" time="12.253"/>
  <system-out/>
  <testcase classname="testNG.DataProvider" name="sample" time="11.691"/>
  <system-out/>
</testsuite> <!-- testNG.DataProvider -->
